[debug] [2020-09-09T10:38:50.029Z] ----------------------------------------------------------------------
[debug] [2020-09-09T10:38:50.037Z] Command:       /Users/yumikomannarelli/.nvm/versions/node/v10.21.0/bin/node /Users/yumikomannarelli/.nvm/versions/node/v10.21.0/bin/firebase deploy --only hosting:common-dashboard-staging
[debug] [2020-09-09T10:38:50.037Z] CLI Version:   8.10.0
[debug] [2020-09-09T10:38:50.037Z] Platform:      darwin
[debug] [2020-09-09T10:38:50.037Z] Node Version:  v10.21.0
[debug] [2020-09-09T10:38:50.039Z] Time:          Wed Sep 09 2020 12:38:50 GMT+0200 (Central European Summer Time)
[debug] [2020-09-09T10:38:50.039Z] ----------------------------------------------------------------------
[debug] [2020-09-09T10:38:50.039Z] 
[debug] [2020-09-09T10:38:50.059Z] > command requires scopes: ["email","openid","https://www.googleapis.com/auth/cloudplatformprojects.readonly","https://www.googleapis.com/auth/firebase","https://www.googleapis.com/auth/cloud-platform"]
[debug] [2020-09-09T10:38:50.060Z] > authorizing via signed-in user
[debug] [2020-09-09T10:38:50.060Z] [iam] checking project currents-staging for permissions ["firebase.projects.get","firebasehosting.sites.update"]
[debug] [2020-09-09T10:38:50.065Z] >>> HTTP REQUEST POST https://cloudresourcemanager.googleapis.com/v1/projects/currents-staging:testIamPermissions  
 {"permissions":["firebase.projects.get","firebasehosting.sites.update"]}
[debug] [2020-09-09T10:38:50.837Z] <<< HTTP RESPONSE 200 {"content-type":"application/json; charset=UTF-8","vary":"X-Origin, Referer, Origin,Accept-Encoding","date":"Wed, 09 Sep 2020 10:38:50 GMT","server":"ESF","cache-control":"private","x-xss-protection":"0","x-frame-options":"SAMEORIGIN","x-content-type-options":"nosniff","server-timing":"gfet4t7; dur=617","alt-svc":"h3-29=\":443\"; ma=2592000,h3-27=\":443\"; ma=2592000,h3-T051=\":443\"; ma=2592000,h3-T050=\":443\"; ma=2592000,h3-Q050=\":443\"; ma=2592000,h3-Q046=\":443\"; ma=2592000,h3-Q043=\":443\"; ma=2592000,quic=\":443\"; ma=2592000; v=\"46,43\"","accept-ranges":"none","transfer-encoding":"chunked"}
[debug] [2020-09-09T10:38:50.839Z] >>> HTTP REQUEST GET https://firebase.googleapis.com/v1beta1/projects/currents-staging  
 
[debug] [2020-09-09T10:38:51.102Z] <<< HTTP RESPONSE 200 {"content-type":"application/json; charset=UTF-8","vary":"X-Origin, Referer, Origin,Accept-Encoding","date":"Wed, 09 Sep 2020 10:38:51 GMT","server":"ESF","cache-control":"private","x-xss-protection":"0","x-frame-options":"SAMEORIGIN","x-content-type-options":"nosniff","alt-svc":"h3-29=\":443\"; ma=2592000,h3-27=\":443\"; ma=2592000,h3-T051=\":443\"; ma=2592000,h3-T050=\":443\"; ma=2592000,h3-Q050=\":443\"; ma=2592000,h3-Q046=\":443\"; ma=2592000,h3-Q043=\":443\"; ma=2592000,quic=\":443\"; ma=2592000; v=\"46,43\"","accept-ranges":"none","transfer-encoding":"chunked"}
[info] 
[info] === Deploying to 'currents-staging'...
[info] 
[info] i  deploying hosting 
[info] 
[info] ✔  Deploy complete! 
[info] 
[info] Project Console: https://console.firebase.google.com/project/currents-staging/overview
[debug] [2020-09-09T10:38:51.115Z] TypeError: Cannot read property 'deploys' of undefined
    at /Users/yumikomannarelli/.nvm/versions/node/v10.21.0/lib/node_modules/firebase-tools/lib/deploy/index.js:84:36
    at process._tickCallback (internal/process/next_tick.js:68:7)
[error] 
[error] Error: An unexpected error has occurred.
